0 info it worked if it ends with ok
1 verbose cli [ '/usr/local/bin/node', '/usr/local/bin/npm', 'run', 'lint' ]
2 info using npm@3.10.3
3 info using node@v6.4.0
4 verbose run-script [ 'prelint', 'lint', 'postlint' ]
5 info lifecycle sample@1.0.0~prelint: sample@1.0.0
6 silly lifecycle sample@1.0.0~prelint: no script for prelint, continuing
7 info lifecycle sample@1.0.0~lint: sample@1.0.0
8 verbose lifecycle sample@1.0.0~lint: unsafe-perm in lifecycle true
9 verbose lifecycle sample@1.0.0~lint: PATH: /usr/local/lib/node_modules/npm/bin/node-gyp-bin:/home/valera/repository/sample2/sample/node_modules/.bin:/usr/local/bin:/usr/local/heroku/bin:/home/valera/.rbenv/plugins/ruby-build/bin:/home/valera/.rbenv/shims:/home/valera/.rbenv/bin:/home/valera/c++/cocos2d-x-3.10/templates:/home/valera/c++:/home/valera/c++/cocos2d-x-3.10/tools/cocos2d-console/bin:/usr/local/sbin:/usr/local/bin:/usr/sbin:/usr/bin:/sbin:/bin:/usr/games:/usr/local/games
10 verbose lifecycle sample@1.0.0~lint: CWD: /home/valera/repository/sample2/sample
11 silly lifecycle sample@1.0.0~lint: Args: [ '-c', 'eslint **/*.js' ]
12 silly lifecycle sample@1.0.0~lint: Returned: code: 1  signal: null
13 info lifecycle sample@1.0.0~lint: Failed to exec lint script
14 verbose stack Error: sample@1.0.0 lint: `eslint **/*.js`
14 verbose stack Exit status 1
14 verbose stack     at EventEmitter.<anonymous> (/usr/local/lib/node_modules/npm/lib/utils/lifecycle.js:242:16)
14 verbose stack     at emitTwo (events.js:106:13)
14 verbose stack     at EventEmitter.emit (events.js:191:7)
14 verbose stack     at ChildProcess.<anonymous> (/usr/local/lib/node_modules/npm/lib/utils/spawn.js:40:14)
14 verbose stack     at emitTwo (events.js:106:13)
14 verbose stack     at ChildProcess.emit (events.js:191:7)
14 verbose stack     at maybeClose (internal/child_process.js:852:16)
14 verbose stack     at Process.ChildProcess._handle.onexit (internal/child_process.js:215:5)
15 verbose pkgid sample@1.0.0
16 verbose cwd /home/valera/repository/sample2/sample
17 error Linux 3.19.0-66-generic
18 error argv "/usr/local/bin/node" "/usr/local/bin/npm" "run" "lint"
19 error node v6.4.0
20 error npm  v3.10.3
21 error code ELIFECYCLE
22 error sample@1.0.0 lint: `eslint **/*.js`
22 error Exit status 1
23 error Failed at the sample@1.0.0 lint script 'eslint **/*.js'.
23 error Make sure you have the latest version of node.js and npm installed.
23 error If you do, this is most likely a problem with the sample package,
23 error not with npm itself.
23 error Tell the author that this fails on your system:
23 error     eslint **/*.js
23 error You can get information on how to open an issue for this project with:
23 error     npm bugs sample
23 error Or if that isn't available, you can get their info via:
23 error     npm owner ls sample
23 error There is likely additional logging output above.
24 verbose exit [ 1, true ]
